<?xml version="1.0" encoding="UTF-8"?>
<!-- Generated by org.testng.reporters.JUnitReportReporter -->
<testsuite hostname="ManuLaptop" failures="0" tests="3" name="com.whatslly.rest.api.testing_project.PositiveStatusCodeTests" time="7.072" errors="0" timestamp="2021-04-21T12:28:29 IDT" skipped="0">
  <testcase classname="com.whatslly.rest.api.testing_project.PositiveStatusCodeTests" name="testAllEndpointsRespond" time="3.678"/>
  <system-out/>
  <testcase classname="com.whatslly.rest.api.testing_project.PositiveStatusCodeTests" name="testAllEndpointsRespond" time="1.118"/>
  <system-out/>
  <testcase classname="com.whatslly.rest.api.testing_project.PositiveStatusCodeTests" name="testAllEndpointsRespond" time="2.276"/>
  <system-out/>
</testsuite> <!-- com.whatslly.rest.api.testing_project.PositiveStatusCodeTests -->
