<?xml version="1.0" encoding="UTF-8"?>
<!-- Generated by org.testng.reporters.JUnitReportReporter -->
<testsuite hostname="ManuLaptop" failures="0" tests="3" name="com.whatslly.rest.api.testing_project.PositiveStatusCodeTests" time="8.360" errors="0" timestamp="2021-04-20T22:48:49 IDT" skipped="0">
  <testcase classname="com.whatslly.rest.api.testing_project.PositiveStatusCodeTests" name="testAllEndpointsRespond" time="0.988"/>
  <system-out/>
  <testcase classname="com.whatslly.rest.api.testing_project.PositiveStatusCodeTests" name="testAllEndpointsRespond" time="3.014"/>
  <system-out/>
  <testcase classname="com.whatslly.rest.api.testing_project.PositiveStatusCodeTests" name="testAllEndpointsRespond" time="4.358"/>
  <system-out/>
</testsuite> <!-- com.whatslly.rest.api.testing_project.PositiveStatusCodeTests -->
