<?xml version="1.0" encoding="UTF-8"?>
<!-- Generated by org.testng.reporters.JUnitReportReporter -->
<testsuite hostname="ManuLaptop" failures="0" tests="3" name="com.whatslly.rest.api.testing_project.NegativeTestWrongEndpoint" time="6.290" errors="0" timestamp="2021-04-21T12:28:29 IDT" skipped="0">
  <testcase classname="com.whatslly.rest.api.testing_project.NegativeTestWrongEndpoint" name="verifyWrongEndpointStatusCode" time="2.092"/>
  <system-out/>
  <testcase classname="com.whatslly.rest.api.testing_project.NegativeTestWrongEndpoint" name="verifyWrongEndpointStatusCode" time="2.099"/>
  <system-out/>
  <testcase classname="com.whatslly.rest.api.testing_project.NegativeTestWrongEndpoint" name="verifyWrongEndpointStatusCode" time="2.099"/>
  <system-out/>
</testsuite> <!-- com.whatslly.rest.api.testing_project.NegativeTestWrongEndpoint -->
