<?xml version="1.0" encoding="UTF-8"?>
<!-- Generated by org.testng.reporters.JUnitReportReporter -->
<testsuite hostname="ManuLaptop" failures="0" tests="3" name="com.whatslly.rest.api.testing_project.AllEndpointsOutputTheSameValues" time="3.477" errors="0" timestamp="2021-04-21T12:28:30 IDT" skipped="0">
  <testcase classname="com.whatslly.rest.api.testing_project.AllEndpointsOutputTheSameValues" name="ValidateTheSameValuesInAllEndpoints" time="0.713"/>
  <system-out/>
  <testcase classname="com.whatslly.rest.api.testing_project.AllEndpointsOutputTheSameValues" name="ValidateTheSameValuesInAllEndpoints" time="1.616"/>
  <system-out/>
  <testcase classname="com.whatslly.rest.api.testing_project.AllEndpointsOutputTheSameValues" name="ValidateTheSameValuesInAllEndpoints" time="1.148"/>
  <system-out/>
</testsuite> <!-- com.whatslly.rest.api.testing_project.AllEndpointsOutputTheSameValues -->
