<?xml version="1.0" encoding="UTF-8"?>
<!-- Generated by org.testng.reporters.JUnitReportReporter -->
<testsuite hostname="ManuLaptop" failures="0" tests="3" name="com.whatslly.rest.api.testing_project.AllEndpointsOutputTheSameValues" time="4.409" errors="0" timestamp="2021-04-21T01:39:47 IDT" skipped="0">
  <testcase classname="com.whatslly.rest.api.testing_project.AllEndpointsOutputTheSameValues" name="ValidateTheSameValuesInAllEndpoints" time="0.838"/>
  <system-out/>
  <testcase classname="com.whatslly.rest.api.testing_project.AllEndpointsOutputTheSameValues" name="ValidateTheSameValuesInAllEndpoints" time="2.308"/>
  <system-out/>
  <testcase classname="com.whatslly.rest.api.testing_project.AllEndpointsOutputTheSameValues" name="ValidateTheSameValuesInAllEndpoints" time="1.263"/>
  <system-out/>
</testsuite> <!-- com.whatslly.rest.api.testing_project.AllEndpointsOutputTheSameValues -->
