<?xml version="1.0" encoding="UTF-8"?>
<!-- Generated by org.testng.reporters.JUnitReportReporter -->
<testsuite hostname="ManuLaptop" failures="0" tests="3" name="com.whatslly.rest.api.testing_project.PositiveStatusCodeTests" time="9.942" errors="0" timestamp="2021-04-21T01:39:47 IDT" skipped="0">
  <testcase classname="com.whatslly.rest.api.testing_project.PositiveStatusCodeTests" name="testAllEndpointsRespond" time="0.992"/>
  <system-out/>
  <testcase classname="com.whatslly.rest.api.testing_project.PositiveStatusCodeTests" name="testAllEndpointsRespond" time="7.303"/>
  <system-out/>
  <testcase classname="com.whatslly.rest.api.testing_project.PositiveStatusCodeTests" name="testAllEndpointsRespond" time="1.647"/>
  <system-out/>
</testsuite> <!-- com.whatslly.rest.api.testing_project.PositiveStatusCodeTests -->
